<?xml version="1.0" encoding="UTF-8"?>
<testng-results ignored="1" total="2" passed="1" failed="0" skipped="0">
  <reporter-output>
  </reporter-output>
  <suite started-at="2023-03-10T14:17:44 EST" name="Suite" finished-at="2023-03-10T14:17:56 EST" duration-ms="11636">
    <groups>
    </groups>
    <test started-at="2023-03-10T14:17:44 EST" name="Test" finished-at="2023-03-10T14:17:56 EST" duration-ms="11636">
      <class name="mercurytours.AppHooks">
        <test-method is-config="true" signature="DriverInitialise()[pri:0, instance:mercurytours.AppHooks@12aba8be]" started-at="2023-03-10T14:17:44 EST" name="DriverInitialise" finished-at="2023-03-10T14:17:55 EST" duration-ms="10454" status="PASS">
          <reporter-output>
          </reporter-output>
        </test-method> <!-- DriverInitialise -->
      </class> <!-- mercurytours.AppHooks -->
      <class name="mercurytours.LoginSteps">
        <test-method signature="LoginSteps(java.util.List)[pri:0, instance:mercurytours.LoginSteps@4659191b]" started-at="2023-03-10T14:17:55 EST" name="LoginSteps" data-provider="User_Data" finished-at="2023-03-10T14:17:56 EST" duration-ms="1100" status="PASS">
          <params>
            <param index="0">
              <value>
                <![CDATA[[{Email=rchel, UserName=ray, Address=abc, FirstName=Rachel, Phone=1234, State=Georgia, PostalCode=1234, Country=United States, LastName=Green, City=Manhattan, Password=ray, ConfirmPassword=ray}, {Email=monica, UserName=monica, Address=abc, FirstName=Monica, Phone=124, State=georgia, PostalCode=1234, Country=United States, LastName=geller, City=manhattan, Password=monica, ConfirmPassword=monica}]]]>
              </value>
            </param>
          </params>
          <reporter-output>
          </reporter-output>
        </test-method> <!-- LoginSteps -->
      </class> <!-- mercurytours.LoginSteps -->
    </test> <!-- Test -->
  </suite> <!-- Suite -->
</testng-results>
