<?xml version="1.0" encoding="UTF-8"?>
<!-- Generated by org.testng.reporters.JUnitXMLReporter -->
<testsuite ignored="0" hostname="Subha" failures="1" tests="2" name="Registration" time="718.944" errors="0" timestamp="2023-03-08T13:52:43 EST">
  <testcase classname="mercurytours.Registrationsteps" name="ClickRegister" time="34.635">
    <failure type="java.lang.NullPointerException" message="Cannot invoke &amp;quot;org.openqa.selenium.SearchContext.findElement(org.openqa.selenium.By)&amp;quot; because &amp;quot;this.searchContext&amp;quot; is null">
      <![CDATA[java.lang.NullPointerException: Cannot invoke "org.openqa.selenium.SearchContext.findElement(org.openqa.selenium.By)" because "this.searchContext" is null
at org.openqa.selenium.support.pagefactory.DefaultElementLocator.findElement(DefaultElementLocator.java:70)
at org.openqa.selenium.support.pagefactory.internal.LocatingElementHandler.invoke(LocatingElementHandler.java:39)
at jdk.proxy2/jdk.proxy2.$Proxy12.click(Unknown Source)
at pageMercuryTours.Registrationpage.clickRegisterlink(Registrationpage.java:68)
at mercurytours.Registrationsteps.ClickRegister(Registrationsteps.java:21)
at java.base/java.util.ArrayList.forEach(ArrayList.java:1511)
... Removed 27 stack frames]]>
    </failure>
  </testcase> <!-- ClickRegister -->
  <testcase classname="mercurytours.Registrationsteps" name="ValidData" time="0.0">
    <skipped/>
  </testcase> <!-- ValidData -->
</testsuite> <!-- Registration -->
